2018-01-30 20:08 +08:00: server started at localhost:7009
2018-01-30 20:09 +08:00: undefined
2018-01-30 20:09 +08:00: {"flag":1,"data":"登陆成功"}
2018-01-30 20:09 +08:00: 登陆成功
2018-01-30 20:09 +08:00: 登陆成功 index
2018-01-30 20:22 +08:00: server started at localhost:7009
2018-01-30 20:23 +08:00: undefined
2018-01-30 20:23 +08:00: {"flag":1,"data":"登陆成功"}
2018-01-30 20:23 +08:00: 登陆成功
2018-01-30 20:23 +08:00: 登陆成功 index
2018-01-30 20:23 +08:00: undefined
2018-01-30 20:23 +08:00: {"flag":1,"data":"登陆成功"}
2018-01-30 20:23 +08:00: 登陆成功
登陆成功 index
2018-01-30 20:23 +08:00: undefined
2018-01-30 20:23 +08:00: {"flag":1,"data":"登陆成功"}
2018-01-30 20:23 +08:00: 登陆成功
登陆成功 index
2018-01-30 20:23 +08:00: undefined
2018-01-30 20:23 +08:00: {"flag":1,"data":"登陆成功"}
2018-01-30 20:23 +08:00: 登陆成功
登陆成功 index
2018-01-30 20:23 +08:00: undefined
2018-01-30 20:23 +08:00: {"flag":1,"data":"登陆成功"}
2018-01-30 20:23 +08:00: 登陆成功
登陆成功 index
2018-01-30 20:23 +08:00: undefined
2018-01-30 20:23 +08:00: {"flag":1,"data":"登陆成功"}
2018-01-30 20:23 +08:00: 登陆成功
登陆成功 index
2018-01-30 20:23 +08:00: undefined
2018-01-30 20:23 +08:00: undefined
2018-01-30 20:23 +08:00: {"flag":1,"data":"登陆成功"}
2018-01-30 20:23 +08:00: 登陆成功
登陆成功 index
2018-01-30 20:23 +08:00: {"flag":1,"data":"登陆成功"}
2018-01-30 20:23 +08:00: 登陆成功
登陆成功 index
2018-01-30 20:23 +08:00: undefined
2018-01-30 20:23 +08:00: {"flag":1,"data":"登陆成功"}
2018-01-30 20:23 +08:00: 登陆成功
登陆成功 index
2018-01-30 20:23 +08:00: undefined
2018-01-30 20:23 +08:00: undefined
2018-01-30 20:23 +08:00: {"flag":1,"data":"登陆成功"}
登陆成功
登陆成功 index
2018-01-30 20:23 +08:00: {"flag":1,"data":"登陆成功"}
2018-01-30 20:23 +08:00: 登陆成功
登陆成功 index
2018-01-30 20:25 +08:00: undefined
2018-01-30 20:25 +08:00: {"flag":1,"data":"登陆成功"}
2018-01-30 20:25 +08:00: 登陆成功
登陆成功 index
2018-01-30 20:25 +08:00: undefined
2018-01-30 20:25 +08:00: {"flag":1,"data":"登陆成功"}
2018-01-30 20:25 +08:00: 登陆成功
登陆成功 index
2018-01-30 20:25 +08:00: undefined
2018-01-30 20:25 +08:00: {"flag":1,"data":"登陆成功"}
2018-01-30 20:25 +08:00: 登陆成功
登陆成功 index
2018-01-30 20:25 +08:00: undefined
2018-01-30 20:25 +08:00: {"flag":1,"data":"登陆成功"}
2018-01-30 20:25 +08:00: 登陆成功
登陆成功 index
2018-01-30 20:26 +08:00: undefined
2018-01-30 20:26 +08:00: {"flag":1,"data":"登陆成功"}
登陆成功
登陆成功 index
2018-01-30 20:26 +08:00: undefined
2018-01-30 20:26 +08:00: {"flag":1,"data":"登陆成功"}
2018-01-30 20:26 +08:00: 登陆成功
登陆成功 index
2018-01-30 20:26 +08:00: undefined
2018-01-30 20:26 +08:00: {"flag":1,"data":"登陆成功"}
2018-01-30 20:26 +08:00: 登陆成功
登陆成功 index
2018-01-30 20:26 +08:00: undefined
2018-01-30 20:26 +08:00: undefined
2018-01-30 20:26 +08:00: {"flag":1,"data":"登陆成功"}
2018-01-30 20:26 +08:00: 登陆成功
登陆成功 index
2018-01-30 20:26 +08:00: {"flag":1,"data":"登陆成功"}
登陆成功
登陆成功 index
2018-01-30 20:26 +08:00: undefined
2018-01-30 20:26 +08:00: undefined
2018-01-30 20:26 +08:00: undefined
2018-01-30 20:26 +08:00: {"flag":1,"data":"登陆成功"}
登陆成功
登陆成功 index
2018-01-30 20:26 +08:00: {"flag":1,"data":"登陆成功"}
2018-01-30 20:26 +08:00: 登陆成功
登陆成功 index
2018-01-30 20:26 +08:00: {"flag":1,"data":"登陆成功"}
2018-01-30 20:26 +08:00: 登陆成功
登陆成功 index
2018-01-30 20:26 +08:00: undefined
2018-01-30 20:26 +08:00: {"flag":1,"data":"登陆成功"}
登陆成功
登陆成功 index
2018-01-30 20:26 +08:00: undefined
2018-01-30 20:26 +08:00: undefined
2018-01-30 20:26 +08:00: {"flag":1,"data":"登陆成功"}
2018-01-30 20:26 +08:00: 登陆成功
登陆成功 index
2018-01-30 20:26 +08:00: {"flag":1,"data":"登陆成功"}
登陆成功
登陆成功 index
2018-01-30 20:26 +08:00: undefined
2018-01-30 20:26 +08:00: undefined
2018-01-30 20:26 +08:00: {"flag":1,"data":"登陆成功"}
登陆成功
登陆成功 index
2018-01-30 20:26 +08:00: {"flag":1,"data":"登陆成功"}
2018-01-30 20:26 +08:00: 登陆成功
登陆成功 index
2018-01-30 20:26 +08:00: undefined
2018-01-30 20:26 +08:00: undefined
2018-01-30 20:26 +08:00: {"flag":1,"data":"登陆成功"}
2018-01-30 20:26 +08:00: 登陆成功
登陆成功 index
2018-01-30 20:26 +08:00: {"flag":1,"data":"登陆成功"}
2018-01-30 20:26 +08:00: 登陆成功
登陆成功 index
2018-01-30 20:26 +08:00: undefined
2018-01-30 20:26 +08:00: {"flag":1,"data":"登陆成功"}
2018-01-30 20:26 +08:00: 登陆成功
登陆成功 index
2018-01-30 20:26 +08:00: undefined
2018-01-30 20:26 +08:00: {"flag":1,"data":"登陆成功"}
2018-01-30 20:26 +08:00: 登陆成功
登陆成功 index
2018-01-30 20:26 +08:00: undefined
2018-01-30 20:26 +08:00: {"flag":1,"data":"登陆成功"}
2018-01-30 20:26 +08:00: 登陆成功
登陆成功 index
2018-01-30 20:26 +08:00: undefined
2018-01-30 20:26 +08:00: undefined
2018-01-30 20:26 +08:00: {"flag":1,"data":"登陆成功"}
2018-01-30 20:26 +08:00: 登陆成功
登陆成功 index
2018-01-30 20:26 +08:00: {"flag":1,"data":"登陆成功"}
2018-01-30 20:26 +08:00: 登陆成功
登陆成功 index
2018-01-30 20:26 +08:00: undefined
2018-01-30 20:26 +08:00: {"flag":1,"data":"登陆成功"}
2018-01-30 20:26 +08:00: 登陆成功
登陆成功 index
2018-01-30 20:26 +08:00: undefined
2018-01-30 20:26 +08:00: {"flag":1,"data":"登陆成功"}
2018-01-30 20:26 +08:00: 登陆成功
登陆成功 index
2018-01-30 20:26 +08:00: undefined
2018-01-30 20:26 +08:00: undefined
2018-01-30 20:26 +08:00: {"flag":1,"data":"登陆成功"}
2018-01-30 20:26 +08:00: 登陆成功
登陆成功 index
2018-01-30 20:26 +08:00: {"flag":1,"data":"登陆成功"}
2018-01-30 20:26 +08:00: 登陆成功
登陆成功 index
2018-01-30 20:27 +08:00: undefined
2018-01-30 20:27 +08:00: {"flag":1,"data":"登陆成功"}
2018-01-30 20:27 +08:00: 登陆成功
登陆成功 index
2018-01-30 20:27 +08:00: undefined
2018-01-30 20:27 +08:00: {"flag":1,"data":"登陆成功"}
2018-01-30 20:27 +08:00: 登陆成功
登陆成功 index
2018-01-30 20:27 +08:00: undefined
2018-01-30 20:27 +08:00: {"flag":1,"data":"登陆成功"}
登陆成功
登陆成功 index
2018-01-30 20:27 +08:00: undefined
2018-01-30 20:27 +08:00: {"flag":1,"data":"登陆成功"}
2018-01-30 20:27 +08:00: 登陆成功
登陆成功 index
2018-01-30 20:27 +08:00: undefined
2018-01-30 20:27 +08:00: {"flag":1,"data":"登陆成功"}
2018-01-30 20:27 +08:00: 登陆成功
登陆成功 index
2018-02-03 16:47 +08:00: server started at localhost:7009
2018-02-03 16:47 +08:00: undefined
2018-02-03 16:47 +08:00: undefined
2018-02-03 16:47 +08:00: {"flag":1,"data":"登陆成功"}
2018-02-03 16:47 +08:00: 登陆成功
2018-02-03 16:47 +08:00: 登陆成功 index
2018-02-03 16:47 +08:00: {"flag":1,"data":"登陆成功"}
登陆成功
登陆成功 index
2018-02-03 16:47 +08:00: undefined
2018-02-03 16:47 +08:00: {"flag":1,"data":"登陆成功"}
登陆成功
登陆成功 index
